<?xml version="1.0" encoding="UTF-8"?>
<testng-results skipped="0" failed="0" ignored="0" total="0" passed="0">
  <reporter-output>
  </reporter-output>
  <suite name="Suite" duration-ms="39" started-at="2018-05-09T10:39:17Z" finished-at="2018-05-09T10:39:17Z">
    <groups>
    </groups>
    <test name="FirefoxTest" duration-ms="4" started-at="2018-05-09T10:39:17Z" finished-at="2018-05-09T10:39:17Z">
    </test> <!-- FirefoxTest -->
    <test name="IETest" duration-ms="1" started-at="2018-05-09T10:39:17Z" finished-at="2018-05-09T10:39:17Z">
    </test> <!-- IETest -->
  </suite> <!-- Suite -->
</testng-results>
